<?xml version="1.0" encoding="UTF-8"?>
<!-- Generated by org.testng.reporters.JUnitReportReporter -->
<testsuite hostname="Tohirs-MacBook-Pro.local" failures="0" tests="3" name="com.exelenter.testcases.LoginTest" time="28.069" errors="0" timestamp="2023-02-25T15:54:36 MSK" skipped="0">
  <testcase classname="com.exelenter.testcases.LoginTest" name="validUserEmptyPassword" time="7.986"/>
  <system-out/>
  <testcase classname="com.exelenter.testcases.LoginTest" name="validAdminLogin" time="11.221"/>
  <system-out/>
  <testcase classname="com.exelenter.testcases.LoginTest" name="validUserInvalidPassword" time="8.862"/>
  <system-out/>
</testsuite> <!-- com.exelenter.testcases.LoginTest -->
